INIT 26415182132538594 24393149122989142 84646958746265845 42969693237588862 42799315815982483 83567584884134774 44618979158714219 67436656182155721 66493236143424222 69315946214274747
FIRST 8 13 8 16 343
SECOND 1 9 4 9 647
FIRST 0 4 1 5 330
SECOND 7 14 7 16 638
FIRST 5 3 7 3 336
SECOND 8 6 8 8 628
FIRST 0 10 0 12 345
SECOND 7 2 7 4 620
FIRST 6 2 8 2 353
SECOND 4 13 6 13 608
FIRST 5 12 5 14 362
SECOND 7 12 7 13 598
FIRST 5 14 6 15 373
SECOND 6 12 9 12 470
FIRST 9 10 9 13 308
SECOND 7 10 8 11 470
FIRST 5 8 7 8 322
SECOND 4 8 9 8 470
FIRST 4 7 4 10 338
SECOND 2 1 2 2 470
FIRST 4 11 5 11 357
SECOND 3 8 5 9 470
FIRST 3 7 3 10 380
SECOND 8 3 9 3 470
FIRST 0 1 1 1 407
SECOND 0 6 0 7 470
FIRST 1 13 1 14 441
SECOND 2 10 5 10 470
FIRST 1 8 2 10 485
SECOND 2 7 2 11 470
FIRST 2 3 2 4 546
SECOND 6 0 7 0 470
FIRST 2 15 3 15 637
SECOND -1 -1 -1 -1 470
FIRST -1 -1 -1 -1 531
FINISH
SCOREFIRST 43
SCORESECOND 41
