INIT 26415182132538594 24393149122989142 84646958746265845 42969693237588862 42799315815982483 83567584884134774 44618979158714219 67436656182155721 66493236143424222 69315946214274747
FIRST 8 13 8 16 650
SECOND 1 9 4 9 332
FIRST 0 4 1 5 638
SECOND 7 14 7 16 338
FIRST 5 3 7 3 628
SECOND 8 6 8 8 347
FIRST 0 10 0 12 618
SECOND 7 2 7 4 355
FIRST 6 2 8 2 608
SECOND 4 13 6 13 365
FIRST 5 12 5 14 598
SECOND 7 12 7 13 375
FIRST 5 14 6 15 587
SECOND 6 12 9 12 309
FIRST 0 6 0 7 460
SECOND 2 15 3 15 323
FIRST 0 1 1 1 460
SECOND 8 3 9 3 338
FIRST 6 0 7 0 460
SECOND 3 6 4 6 356
FIRST 2 3 3 3 460
SECOND 1 13 1 14 377
FIRST 2 1 2 2 460
SECOND 1 8 3 8 402
FIRST 3 7 3 10 460
SECOND 7 10 8 11 433
FIRST 5 11 9 11 460
SECOND 9 6 9 7 472
FIRST 6 7 6 8 460
SECOND 5 7 7 7 65
FIRST -1 -1 -1 -1 22
SECOND -1 -1 -1 -1 0
FINISH
SCOREFIRST 42
SCORESECOND 35
